mode: set
github.com/wouteroostervld/chainsaw/examples/database-usage.go:13.13,27.16 5 0
github.com/wouteroostervld/chainsaw/examples/database-usage.go:27.16,29.3 1 0
github.com/wouteroostervld/chainsaw/examples/database-usage.go:30.2,47.26 6 0
github.com/wouteroostervld/chainsaw/examples/database-usage.go:47.26,50.17 3 0
github.com/wouteroostervld/chainsaw/examples/database-usage.go:50.17,52.4 1 0
github.com/wouteroostervld/chainsaw/examples/database-usage.go:53.3,53.60 1 0
github.com/wouteroostervld/chainsaw/examples/database-usage.go:57.2,65.16 7 0
github.com/wouteroostervld/chainsaw/examples/database-usage.go:65.16,67.3 1 0
github.com/wouteroostervld/chainsaw/examples/database-usage.go:68.2,71.16 3 0
github.com/wouteroostervld/chainsaw/examples/database-usage.go:71.16,73.3 1 0
github.com/wouteroostervld/chainsaw/examples/database-usage.go:74.2,80.16 4 0
github.com/wouteroostervld/chainsaw/examples/database-usage.go:80.16,82.3 1 0
github.com/wouteroostervld/chainsaw/examples/database-usage.go:84.2,85.29 2 0
github.com/wouteroostervld/chainsaw/examples/database-usage.go:85.29,87.3 1 0
github.com/wouteroostervld/chainsaw/examples/database-usage.go:90.2,106.26 3 0
github.com/wouteroostervld/chainsaw/examples/database-usage.go:106.26,108.17 2 0
github.com/wouteroostervld/chainsaw/examples/database-usage.go:108.17,110.4 1 0
github.com/wouteroostervld/chainsaw/examples/database-usage.go:111.3,112.45 1 0
github.com/wouteroostervld/chainsaw/examples/database-usage.go:116.2,124.16 3 0
github.com/wouteroostervld/chainsaw/examples/database-usage.go:124.16,126.3 1 0
github.com/wouteroostervld/chainsaw/examples/database-usage.go:128.2,129.30 2 0
github.com/wouteroostervld/chainsaw/examples/database-usage.go:129.30,132.3 1 0
github.com/wouteroostervld/chainsaw/examples/database-usage.go:135.2,138.16 3 0
github.com/wouteroostervld/chainsaw/examples/database-usage.go:138.16,140.3 1 0
github.com/wouteroostervld/chainsaw/examples/database-usage.go:141.2,145.16 3 0
github.com/wouteroostervld/chainsaw/examples/database-usage.go:145.16,147.3 1 0
github.com/wouteroostervld/chainsaw/examples/database-usage.go:148.2,153.47 3 0
github.com/wouteroostervld/chainsaw/examples/database-usage.go:153.47,155.3 1 0
github.com/wouteroostervld/chainsaw/examples/database-usage.go:156.2,174.67 13 0
github.com/wouteroostervld/chainsaw/pkg/config/cache.go:22.36,26.2 1 1
github.com/wouteroostervld/chainsaw/pkg/config/cache.go:29.61,35.2 4 1
github.com/wouteroostervld/chainsaw/pkg/config/cache.go:38.61,43.2 3 1
github.com/wouteroostervld/chainsaw/pkg/config/cache.go:46.46,51.2 3 1
github.com/wouteroostervld/chainsaw/pkg/config/cache.go:54.31,59.2 3 1
github.com/wouteroostervld/chainsaw/pkg/config/cache.go:68.71,73.2 1 1
github.com/wouteroostervld/chainsaw/pkg/config/cache.go:77.113,81.16 2 1
github.com/wouteroostervld/chainsaw/pkg/config/cache.go:81.16,83.3 1 0
github.com/wouteroostervld/chainsaw/pkg/config/cache.go:86.2,87.20 2 1
github.com/wouteroostervld/chainsaw/pkg/config/cache.go:87.20,90.15 2 1
github.com/wouteroostervld/chainsaw/pkg/config/cache.go:90.15,92.4 1 1
github.com/wouteroostervld/chainsaw/pkg/config/cache.go:92.9,94.4 1 1
github.com/wouteroostervld/chainsaw/pkg/config/cache.go:98.2,98.46 1 1
github.com/wouteroostervld/chainsaw/pkg/config/cache.go:98.46,100.3 1 1
github.com/wouteroostervld/chainsaw/pkg/config/cache.go:103.2,104.16 2 1
github.com/wouteroostervld/chainsaw/pkg/config/cache.go:104.16,106.3 1 0
github.com/wouteroostervld/chainsaw/pkg/config/cache.go:109.2,111.20 2 1
github.com/wouteroostervld/chainsaw/pkg/config/cache.go:115.66,117.2 1 1
github.com/wouteroostervld/chainsaw/pkg/config/cache.go:120.38,122.2 1 1
github.com/wouteroostervld/chainsaw/pkg/config/interfaces.go:19.64,21.2 1 0
github.com/wouteroostervld/chainsaw/pkg/config/interfaces.go:23.65,25.2 1 0
github.com/wouteroostervld/chainsaw/pkg/config/interfaces.go:27.59,29.2 1 0
github.com/wouteroostervld/chainsaw/pkg/config/interfaces.go:31.56,33.2 1 0
github.com/wouteroostervld/chainsaw/pkg/config/interfaces.go:41.39,43.2 1 1
github.com/wouteroostervld/chainsaw/pkg/config/interfaces.go:46.33,48.2 1 0
github.com/wouteroostervld/chainsaw/pkg/config/interfaces.go:51.54,53.16 2 0
github.com/wouteroostervld/chainsaw/pkg/config/interfaces.go:53.16,55.3 1 0
github.com/wouteroostervld/chainsaw/pkg/config/interfaces.go:57.2,57.62 1 0
github.com/wouteroostervld/chainsaw/pkg/config/interfaces.go:61.73,63.2 1 1
github.com/wouteroostervld/chainsaw/pkg/config/interfaces.go:66.61,68.2 1 1
github.com/wouteroostervld/chainsaw/pkg/config/interfaces.go:71.63,73.2 1 0
github.com/wouteroostervld/chainsaw/pkg/config/interfaces.go:76.106,78.2 1 1
github.com/wouteroostervld/chainsaw/pkg/config/loader.go:11.82,13.15 2 1
github.com/wouteroostervld/chainsaw/pkg/config/loader.go:13.15,15.2 1 0
github.com/wouteroostervld/chainsaw/pkg/config/loader.go:17.1,18.53 2 1
github.com/wouteroostervld/chainsaw/pkg/config/loader.go:18.53,20.2 1 0
github.com/wouteroostervld/chainsaw/pkg/config/loader.go:23.1,23.31 1 1
github.com/wouteroostervld/chainsaw/pkg/config/loader.go:23.31,25.2 1 0
github.com/wouteroostervld/chainsaw/pkg/config/loader.go:27.1,27.56 1 1
github.com/wouteroostervld/chainsaw/pkg/config/loader.go:27.56,29.2 1 0
github.com/wouteroostervld/chainsaw/pkg/config/loader.go:31.1,31.20 1 1
github.com/wouteroostervld/chainsaw/pkg/config/loader.go:36.76,39.15 2 1
github.com/wouteroostervld/chainsaw/pkg/config/loader.go:39.15,41.2 1 0
github.com/wouteroostervld/chainsaw/pkg/config/loader.go:43.1,44.5 2 1
github.com/wouteroostervld/chainsaw/pkg/config/loader.go:44.5,48.46 2 1
github.com/wouteroostervld/chainsaw/pkg/config/loader.go:48.46,50.2 1 1
github.com/wouteroostervld/chainsaw/pkg/config/loader.go:53.1,56.28 2 1
github.com/wouteroostervld/chainsaw/pkg/config/loader.go:56.28,57.6 1 1
github.com/wouteroostervld/chainsaw/pkg/config/loader.go:60.1,60.23 1 1
github.com/wouteroostervld/chainsaw/pkg/config/loader.go:64.1,64.15 1 1
github.com/wouteroostervld/chainsaw/pkg/config/loader.go:68.78,70.15 2 1
github.com/wouteroostervld/chainsaw/pkg/config/loader.go:70.15,72.2 1 0
github.com/wouteroostervld/chainsaw/pkg/config/loader.go:74.1,75.53 2 1
github.com/wouteroostervld/chainsaw/pkg/config/loader.go:75.53,77.2 1 0
github.com/wouteroostervld/chainsaw/pkg/config/loader.go:79.1,79.20 1 1
github.com/wouteroostervld/chainsaw/pkg/config/loader.go:84.115,86.8 2 1
github.com/wouteroostervld/chainsaw/pkg/config/loader.go:86.8,88.2 1 0
github.com/wouteroostervld/chainsaw/pkg/config/loader.go:90.1,105.17 3 1
github.com/wouteroostervld/chainsaw/pkg/config/loader.go:105.17,108.15 2 1
github.com/wouteroostervld/chainsaw/pkg/config/loader.go:108.15,110.2 1 0
github.com/wouteroostervld/chainsaw/pkg/config/loader.go:111.1,111.60 1 1
github.com/wouteroostervld/chainsaw/pkg/config/loader.go:115.1,116.17 2 1
github.com/wouteroostervld/chainsaw/pkg/config/loader.go:116.17,118.2 1 1
github.com/wouteroostervld/chainsaw/pkg/config/loader.go:120.1,120.19 1 1
github.com/wouteroostervld/chainsaw/pkg/config/loader.go:125.112,127.8 2 1
github.com/wouteroostervld/chainsaw/pkg/config/loader.go:127.8,129.2 1 0
github.com/wouteroostervld/chainsaw/pkg/config/loader.go:131.1,145.43 3 1
github.com/wouteroostervld/chainsaw/pkg/config/loader.go:145.43,147.99 1 1
github.com/wouteroostervld/chainsaw/pkg/config/loader.go:147.99,149.2 1 1
github.com/wouteroostervld/chainsaw/pkg/config/loader.go:152.1,153.15 2 1
github.com/wouteroostervld/chainsaw/pkg/config/loader.go:153.15,155.2 1 0
github.com/wouteroostervld/chainsaw/pkg/config/loader.go:156.1,156.60 1 1
github.com/wouteroostervld/chainsaw/pkg/config/loader.go:160.1,161.17 2 1
github.com/wouteroostervld/chainsaw/pkg/config/loader.go:161.17,163.15 2 1
github.com/wouteroostervld/chainsaw/pkg/config/loader.go:163.15,165.2 1 0
github.com/wouteroostervld/chainsaw/pkg/config/loader.go:166.1,166.60 1 1
github.com/wouteroostervld/chainsaw/pkg/config/loader.go:170.1,171.17 2 1
github.com/wouteroostervld/chainsaw/pkg/config/loader.go:171.17,173.2 1 1
github.com/wouteroostervld/chainsaw/pkg/config/loader.go:175.1,175.19 1 1
github.com/wouteroostervld/chainsaw/pkg/config/loader.go:180.121,186.15 3 1
github.com/wouteroostervld/chainsaw/pkg/config/loader.go:186.15,188.2 1 0
github.com/wouteroostervld/chainsaw/pkg/config/loader.go:191.1,191.26 1 1
github.com/wouteroostervld/chainsaw/pkg/config/loader.go:191.26,192.13 1 1
github.com/wouteroostervld/chainsaw/pkg/config/loader.go:192.13,194.2 1 1
github.com/wouteroostervld/chainsaw/pkg/config/loader.go:195.1,195.42 1 1
github.com/wouteroostervld/chainsaw/pkg/config/loader.go:199.1,200.15 2 1
github.com/wouteroostervld/chainsaw/pkg/config/loader.go:200.15,202.2 1 0
github.com/wouteroostervld/chainsaw/pkg/config/loader.go:205.1,209.13 3 1
github.com/wouteroostervld/chainsaw/pkg/config/loader.go:209.13,211.2 1 1
github.com/wouteroostervld/chainsaw/pkg/config/loader.go:211.7,213.2 1 0
github.com/wouteroostervld/chainsaw/pkg/config/loader.go:215.1,215.15 1 1
github.com/wouteroostervld/chainsaw/pkg/config/loader.go:215.15,217.2 1 0
github.com/wouteroostervld/chainsaw/pkg/config/loader.go:219.1,220.19 2 1
github.com/wouteroostervld/chainsaw/pkg/config/mock_fs.go:17.42,22.2 1 1
github.com/wouteroostervld/chainsaw/pkg/config/mock_fs.go:24.64,26.9 2 1
github.com/wouteroostervld/chainsaw/pkg/config/mock_fs.go:26.9,28.3 1 0
github.com/wouteroostervld/chainsaw/pkg/config/mock_fs.go:29.2,29.18 1 1
github.com/wouteroostervld/chainsaw/pkg/config/mock_fs.go:32.65,33.33 1 1
github.com/wouteroostervld/chainsaw/pkg/config/mock_fs.go:33.33,35.3 1 1
github.com/wouteroostervld/chainsaw/pkg/config/mock_fs.go:36.2,36.39 1 1
github.com/wouteroostervld/chainsaw/pkg/config/mock_fs.go:39.59,43.2 1 0
github.com/wouteroostervld/chainsaw/pkg/config/mock_fs.go:45.56,47.2 1 0
github.com/wouteroostervld/chainsaw/pkg/config/mock_fs.go:50.63,52.2 1 1
github.com/wouteroostervld/chainsaw/pkg/config/mock_fs.go:59.44,59.61 1 0
github.com/wouteroostervld/chainsaw/pkg/config/mock_fs.go:60.44,60.56 1 0
github.com/wouteroostervld/chainsaw/pkg/config/mock_fs.go:61.44,61.59 1 0
github.com/wouteroostervld/chainsaw/pkg/config/mock_fs.go:62.44,62.65 1 0
github.com/wouteroostervld/chainsaw/pkg/config/mock_fs.go:63.44,63.60 1 0
github.com/wouteroostervld/chainsaw/pkg/config/mock_fs.go:64.44,64.58 1 0
github.com/wouteroostervld/chainsaw/pkg/config/paths.go:12.66,14.35 1 1
github.com/wouteroostervld/chainsaw/pkg/config/paths.go:14.35,16.17 2 1
github.com/wouteroostervld/chainsaw/pkg/config/paths.go:16.17,18.4 1 0
github.com/wouteroostervld/chainsaw/pkg/config/paths.go:19.3,19.39 1 1
github.com/wouteroostervld/chainsaw/pkg/config/paths.go:23.2,23.26 1 1
github.com/wouteroostervld/chainsaw/pkg/config/paths.go:23.26,25.3 1 1
github.com/wouteroostervld/chainsaw/pkg/config/paths.go:28.2,29.37 2 1
github.com/wouteroostervld/chainsaw/pkg/config/paths.go:33.49,35.35 1 1
github.com/wouteroostervld/chainsaw/pkg/config/paths.go:35.35,37.17 2 1
github.com/wouteroostervld/chainsaw/pkg/config/paths.go:37.17,39.4 1 0
github.com/wouteroostervld/chainsaw/pkg/config/paths.go:40.3,40.39 1 1
github.com/wouteroostervld/chainsaw/pkg/config/paths.go:44.2,45.16 2 1
github.com/wouteroostervld/chainsaw/pkg/config/paths.go:45.16,47.3 1 0
github.com/wouteroostervld/chainsaw/pkg/config/paths.go:49.2,49.37 1 1
github.com/wouteroostervld/chainsaw/pkg/config/paths.go:54.69,57.16 2 1
github.com/wouteroostervld/chainsaw/pkg/config/paths.go:57.16,59.3 1 0
github.com/wouteroostervld/chainsaw/pkg/config/paths.go:62.2,62.36 1 1
github.com/wouteroostervld/chainsaw/pkg/config/paths.go:62.36,64.17 2 1
github.com/wouteroostervld/chainsaw/pkg/config/paths.go:64.17,65.12 1 0
github.com/wouteroostervld/chainsaw/pkg/config/paths.go:69.3,70.37 1 1
github.com/wouteroostervld/chainsaw/pkg/config/paths.go:70.37,72.4 1 1
github.com/wouteroostervld/chainsaw/pkg/config/paths.go:75.2,75.67 1 1
github.com/wouteroostervld/chainsaw/pkg/config/paths.go:80.105,81.41 1 1
github.com/wouteroostervld/chainsaw/pkg/config/paths.go:81.41,84.17 2 1
github.com/wouteroostervld/chainsaw/pkg/config/paths.go:84.17,86.4 1 0
github.com/wouteroostervld/chainsaw/pkg/config/paths.go:89.3,90.44 2 1
github.com/wouteroostervld/chainsaw/pkg/config/paths.go:90.44,92.18 2 1
github.com/wouteroostervld/chainsaw/pkg/config/paths.go:92.18,93.13 1 0
github.com/wouteroostervld/chainsaw/pkg/config/paths.go:97.4,98.39 1 1
github.com/wouteroostervld/chainsaw/pkg/config/paths.go:98.39,100.10 2 1
github.com/wouteroostervld/chainsaw/pkg/config/paths.go:104.3,104.20 1 1
github.com/wouteroostervld/chainsaw/pkg/config/paths.go:104.20,106.4 1 1
github.com/wouteroostervld/chainsaw/pkg/config/paths.go:109.2,109.12 1 1
github.com/wouteroostervld/chainsaw/pkg/config/paths.go:113.71,115.29 2 1
github.com/wouteroostervld/chainsaw/pkg/config/paths.go:115.29,117.17 2 1
github.com/wouteroostervld/chainsaw/pkg/config/paths.go:117.17,119.4 1 0
github.com/wouteroostervld/chainsaw/pkg/config/paths.go:120.3,120.44 1 1
github.com/wouteroostervld/chainsaw/pkg/config/paths.go:122.2,122.22 1 1
github.com/wouteroostervld/chainsaw/pkg/config/watcher.go:35.53,37.16 2 0
github.com/wouteroostervld/chainsaw/pkg/config/watcher.go:37.16,39.3 1 0
github.com/wouteroostervld/chainsaw/pkg/config/watcher.go:41.2,51.15 3 0
github.com/wouteroostervld/chainsaw/pkg/config/watcher.go:55.52,61.16 4 0
github.com/wouteroostervld/chainsaw/pkg/config/watcher.go:61.16,63.3 1 0
github.com/wouteroostervld/chainsaw/pkg/config/watcher.go:66.2,66.25 1 0
github.com/wouteroostervld/chainsaw/pkg/config/watcher.go:66.25,68.3 1 0
github.com/wouteroostervld/chainsaw/pkg/config/watcher.go:71.2,71.47 1 0
github.com/wouteroostervld/chainsaw/pkg/config/watcher.go:71.47,73.3 1 0
github.com/wouteroostervld/chainsaw/pkg/config/watcher.go:75.2,76.12 2 0
github.com/wouteroostervld/chainsaw/pkg/config/watcher.go:80.54,85.16 4 0
github.com/wouteroostervld/chainsaw/pkg/config/watcher.go:85.16,87.3 1 0
github.com/wouteroostervld/chainsaw/pkg/config/watcher.go:89.2,89.26 1 0
github.com/wouteroostervld/chainsaw/pkg/config/watcher.go:89.26,91.3 1 0
github.com/wouteroostervld/chainsaw/pkg/config/watcher.go:93.2,93.50 1 0
github.com/wouteroostervld/chainsaw/pkg/config/watcher.go:93.50,95.3 1 0
github.com/wouteroostervld/chainsaw/pkg/config/watcher.go:97.2,98.12 2 0
github.com/wouteroostervld/chainsaw/pkg/config/watcher.go:102.54,104.2 1 0
github.com/wouteroostervld/chainsaw/pkg/config/watcher.go:107.41,110.2 2 0
github.com/wouteroostervld/chainsaw/pkg/config/watcher.go:113.43,114.6 1 0
github.com/wouteroostervld/chainsaw/pkg/config/watcher.go:114.6,115.10 1 0
github.com/wouteroostervld/chainsaw/pkg/config/watcher.go:116.40,117.11 1 0
github.com/wouteroostervld/chainsaw/pkg/config/watcher.go:117.11,119.5 1 0
github.com/wouteroostervld/chainsaw/pkg/config/watcher.go:122.4,123.11 2 0
github.com/wouteroostervld/chainsaw/pkg/config/watcher.go:124.51,125.20 1 0
github.com/wouteroostervld/chainsaw/pkg/config/watcher.go:126.53,127.19 1 0
github.com/wouteroostervld/chainsaw/pkg/config/watcher.go:128.53,129.19 1 0
github.com/wouteroostervld/chainsaw/pkg/config/watcher.go:130.53,131.19 1 0
github.com/wouteroostervld/chainsaw/pkg/config/watcher.go:132.12,133.13 1 0
github.com/wouteroostervld/chainsaw/pkg/config/watcher.go:136.4,136.11 1 0
github.com/wouteroostervld/chainsaw/pkg/config/watcher.go:137.65,137.65 0 0
github.com/wouteroostervld/chainsaw/pkg/config/watcher.go:138.18,139.11 1 0
github.com/wouteroostervld/chainsaw/pkg/config/watcher.go:142.38,143.11 1 0
github.com/wouteroostervld/chainsaw/pkg/config/watcher.go:143.11,145.5 1 0
github.com/wouteroostervld/chainsaw/pkg/config/watcher.go:148.4,148.11 1 0
github.com/wouteroostervld/chainsaw/pkg/config/watcher.go:150.17,151.10 1 0
github.com/wouteroostervld/chainsaw/pkg/config/watcher.go:165.101,176.2 3 1
github.com/wouteroostervld/chainsaw/pkg/config/watcher.go:179.121,181.16 2 1
github.com/wouteroostervld/chainsaw/pkg/config/watcher.go:181.16,183.3 1 0
github.com/wouteroostervld/chainsaw/pkg/config/watcher.go:186.2,186.34 1 1
github.com/wouteroostervld/chainsaw/pkg/config/watcher.go:186.34,187.67 1 1
github.com/wouteroostervld/chainsaw/pkg/config/watcher.go:187.67,190.4 1 0
github.com/wouteroostervld/chainsaw/pkg/config/watcher.go:193.2,193.20 1 1
github.com/wouteroostervld/chainsaw/pkg/config/watcher.go:197.86,199.2 1 1
github.com/wouteroostervld/chainsaw/pkg/config/watcher.go:202.47,205.2 2 1
github.com/wouteroostervld/chainsaw/pkg/config/watcher.go:208.48,209.6 1 1
github.com/wouteroostervld/chainsaw/pkg/config/watcher.go:209.6,210.10 1 1
github.com/wouteroostervld/chainsaw/pkg/config/watcher.go:211.44,212.11 1 1
github.com/wouteroostervld/chainsaw/pkg/config/watcher.go:212.11,214.5 1 0
github.com/wouteroostervld/chainsaw/pkg/config/watcher.go:217.4,217.69 1 1
github.com/wouteroostervld/chainsaw/pkg/config/watcher.go:217.69,221.29 2 1
github.com/wouteroostervld/chainsaw/pkg/config/watcher.go:221.29,223.6 1 1
github.com/wouteroostervld/chainsaw/pkg/config/watcher.go:227.4,227.36 1 1
github.com/wouteroostervld/chainsaw/pkg/config/watcher.go:227.36,231.29 3 1
github.com/wouteroostervld/chainsaw/pkg/config/watcher.go:231.29,233.6 1 0
github.com/wouteroostervld/chainsaw/pkg/config/watcher.go:236.19,237.10 1 1
github.com/wouteroostervld/chainsaw/pkg/filter/filter.go:11.90,14.16 2 1
github.com/wouteroostervld/chainsaw/pkg/filter/filter.go:14.16,16.3 1 0
github.com/wouteroostervld/chainsaw/pkg/filter/filter.go:17.2,21.38 3 1
github.com/wouteroostervld/chainsaw/pkg/filter/filter.go:21.38,26.33 2 1
github.com/wouteroostervld/chainsaw/pkg/filter/filter.go:26.33,28.9 2 1
github.com/wouteroostervld/chainsaw/pkg/filter/filter.go:32.2,32.16 1 1
github.com/wouteroostervld/chainsaw/pkg/filter/filter.go:32.16,34.3 1 1
github.com/wouteroostervld/chainsaw/pkg/filter/filter.go:37.2,37.41 1 1
github.com/wouteroostervld/chainsaw/pkg/filter/filter.go:37.41,40.17 2 1
github.com/wouteroostervld/chainsaw/pkg/filter/filter.go:40.17,42.49 1 0
github.com/wouteroostervld/chainsaw/pkg/filter/filter.go:42.49,44.5 1 0
github.com/wouteroostervld/chainsaw/pkg/filter/filter.go:45.9,45.21 1 1
github.com/wouteroostervld/chainsaw/pkg/filter/filter.go:45.21,47.4 1 1
github.com/wouteroostervld/chainsaw/pkg/filter/filter.go:50.3,52.74 1 1
github.com/wouteroostervld/chainsaw/pkg/filter/filter.go:52.74,54.4 1 0
github.com/wouteroostervld/chainsaw/pkg/filter/filter.go:57.2,57.18 1 1
github.com/wouteroostervld/chainsaw/pkg/filter/filter.go:63.93,66.16 2 1
github.com/wouteroostervld/chainsaw/pkg/filter/filter.go:66.16,68.3 1 0
github.com/wouteroostervld/chainsaw/pkg/filter/filter.go:71.2,72.36 2 1
github.com/wouteroostervld/chainsaw/pkg/filter/filter.go:72.36,74.17 2 1
github.com/wouteroostervld/chainsaw/pkg/filter/filter.go:74.17,76.12 1 0
github.com/wouteroostervld/chainsaw/pkg/filter/filter.go:78.3,78.14 1 1
github.com/wouteroostervld/chainsaw/pkg/filter/filter.go:78.14,80.9 2 1
github.com/wouteroostervld/chainsaw/pkg/filter/filter.go:85.2,85.23 1 1
github.com/wouteroostervld/chainsaw/pkg/filter/filter.go:85.23,87.3 1 1
github.com/wouteroostervld/chainsaw/pkg/filter/filter.go:90.2,90.36 1 1
github.com/wouteroostervld/chainsaw/pkg/filter/filter.go:90.36,92.17 2 1
github.com/wouteroostervld/chainsaw/pkg/filter/filter.go:92.17,94.12 1 0
github.com/wouteroostervld/chainsaw/pkg/filter/filter.go:96.3,96.14 1 1
github.com/wouteroostervld/chainsaw/pkg/filter/filter.go:96.14,99.4 1 1
github.com/wouteroostervld/chainsaw/pkg/filter/filter.go:103.2,103.19 1 1
github.com/wouteroostervld/chainsaw/pkg/filter/filter.go:107.55,110.27 2 0
github.com/wouteroostervld/chainsaw/pkg/filter/filter.go:110.27,112.3 1 0
github.com/wouteroostervld/chainsaw/pkg/filter/filter.go:115.2,116.27 2 0
github.com/wouteroostervld/chainsaw/pkg/filter/filter.go:116.27,118.3 1 0
github.com/wouteroostervld/chainsaw/pkg/filter/filter.go:121.2,121.40 1 0
github.com/wouteroostervld/chainsaw/pkg/db/chunks.go:19.100,21.39 1 0
github.com/wouteroostervld/chainsaw/pkg/db/chunks.go:21.39,23.3 1 0
github.com/wouteroostervld/chainsaw/pkg/db/chunks.go:26.2,27.16 2 0
github.com/wouteroostervld/chainsaw/pkg/db/chunks.go:27.16,29.3 1 0
github.com/wouteroostervld/chainsaw/pkg/db/chunks.go:32.2,37.16 2 0
github.com/wouteroostervld/chainsaw/pkg/db/chunks.go:37.16,39.3 1 0
github.com/wouteroostervld/chainsaw/pkg/db/chunks.go:41.2,42.16 2 0
github.com/wouteroostervld/chainsaw/pkg/db/chunks.go:42.16,44.3 1 0
github.com/wouteroostervld/chainsaw/pkg/db/chunks.go:46.2,46.21 1 0
github.com/wouteroostervld/chainsaw/pkg/db/chunks.go:50.55,60.26 4 0
github.com/wouteroostervld/chainsaw/pkg/db/chunks.go:60.26,62.3 1 0
github.com/wouteroostervld/chainsaw/pkg/db/chunks.go:63.2,63.16 1 0
github.com/wouteroostervld/chainsaw/pkg/db/chunks.go:63.16,65.3 1 0
github.com/wouteroostervld/chainsaw/pkg/db/chunks.go:68.2,68.70 1 0
github.com/wouteroostervld/chainsaw/pkg/db/chunks.go:68.70,70.3 1 0
github.com/wouteroostervld/chainsaw/pkg/db/chunks.go:72.2,72.16 1 0
github.com/wouteroostervld/chainsaw/pkg/db/chunks.go:76.64,84.16 2 0
github.com/wouteroostervld/chainsaw/pkg/db/chunks.go:84.16,86.3 1 0
github.com/wouteroostervld/chainsaw/pkg/db/chunks.go:87.2,90.18 3 0
github.com/wouteroostervld/chainsaw/pkg/db/chunks.go:90.18,95.17 4 0
github.com/wouteroostervld/chainsaw/pkg/db/chunks.go:95.17,97.4 1 0
github.com/wouteroostervld/chainsaw/pkg/db/chunks.go:99.3,99.71 1 0
github.com/wouteroostervld/chainsaw/pkg/db/chunks.go:99.71,101.4 1 0
github.com/wouteroostervld/chainsaw/pkg/db/chunks.go:103.3,103.30 1 0
github.com/wouteroostervld/chainsaw/pkg/db/chunks.go:106.2,106.34 1 0
github.com/wouteroostervld/chainsaw/pkg/db/chunks.go:106.34,108.3 1 0
github.com/wouteroostervld/chainsaw/pkg/db/chunks.go:110.2,110.20 1 0
github.com/wouteroostervld/chainsaw/pkg/db/chunks.go:115.55,117.16 2 0
github.com/wouteroostervld/chainsaw/pkg/db/chunks.go:117.16,119.3 1 0
github.com/wouteroostervld/chainsaw/pkg/db/chunks.go:120.2,120.12 1 0
github.com/wouteroostervld/chainsaw/pkg/db/chunks.go:131.91,132.44 1 0
github.com/wouteroostervld/chainsaw/pkg/db/chunks.go:132.44,134.3 1 0
github.com/wouteroostervld/chainsaw/pkg/db/chunks.go:136.2,136.16 1 0
github.com/wouteroostervld/chainsaw/pkg/db/chunks.go:136.16,138.3 1 0
github.com/wouteroostervld/chainsaw/pkg/db/chunks.go:141.2,142.16 2 0
github.com/wouteroostervld/chainsaw/pkg/db/chunks.go:142.16,144.3 1 0
github.com/wouteroostervld/chainsaw/pkg/db/chunks.go:148.2,157.16 2 0
github.com/wouteroostervld/chainsaw/pkg/db/chunks.go:157.16,159.3 1 0
github.com/wouteroostervld/chainsaw/pkg/db/chunks.go:160.2,163.18 3 0
github.com/wouteroostervld/chainsaw/pkg/db/chunks.go:163.18,169.17 5 0
github.com/wouteroostervld/chainsaw/pkg/db/chunks.go:169.17,171.4 1 0
github.com/wouteroostervld/chainsaw/pkg/db/chunks.go:173.3,173.71 1 0
github.com/wouteroostervld/chainsaw/pkg/db/chunks.go:173.71,175.4 1 0
github.com/wouteroostervld/chainsaw/pkg/db/chunks.go:177.3,180.5 1 0
github.com/wouteroostervld/chainsaw/pkg/db/chunks.go:183.2,183.34 1 0
github.com/wouteroostervld/chainsaw/pkg/db/chunks.go:183.34,185.3 1 0
github.com/wouteroostervld/chainsaw/pkg/db/chunks.go:187.2,187.21 1 0
github.com/wouteroostervld/chainsaw/pkg/db/chunks.go:191.44,194.16 3 0
github.com/wouteroostervld/chainsaw/pkg/db/chunks.go:194.16,196.3 1 0
github.com/wouteroostervld/chainsaw/pkg/db/chunks.go:197.2,197.19 1 0
github.com/wouteroostervld/chainsaw/pkg/db/db.go:30.36,32.20 1 1
github.com/wouteroostervld/chainsaw/pkg/db/db.go:32.20,34.3 1 1
github.com/wouteroostervld/chainsaw/pkg/db/db.go:35.2,35.27 1 1
github.com/wouteroostervld/chainsaw/pkg/db/db.go:35.27,37.3 1 1
github.com/wouteroostervld/chainsaw/pkg/db/db.go:40.2,41.47 2 1
github.com/wouteroostervld/chainsaw/pkg/db/db.go:41.47,43.3 1 0
github.com/wouteroostervld/chainsaw/pkg/db/db.go:46.2,47.45 2 1
github.com/wouteroostervld/chainsaw/pkg/db/db.go:47.45,49.3 1 1
github.com/wouteroostervld/chainsaw/pkg/db/db.go:52.2,53.29 2 1
github.com/wouteroostervld/chainsaw/pkg/db/db.go:53.29,56.3 1 0
github.com/wouteroostervld/chainsaw/pkg/db/db.go:59.2,60.16 2 1
github.com/wouteroostervld/chainsaw/pkg/db/db.go:60.16,62.3 1 0
github.com/wouteroostervld/chainsaw/pkg/db/db.go:65.2,77.53 5 1
github.com/wouteroostervld/chainsaw/pkg/db/db.go:77.53,80.3 2 1
github.com/wouteroostervld/chainsaw/pkg/db/db.go:83.2,83.49 1 1
github.com/wouteroostervld/chainsaw/pkg/db/db.go:83.49,86.3 2 0
github.com/wouteroostervld/chainsaw/pkg/db/db.go:88.2,88.16 1 1
github.com/wouteroostervld/chainsaw/pkg/db/db.go:92.59,94.55 1 1
github.com/wouteroostervld/chainsaw/pkg/db/db.go:94.55,96.3 1 0
github.com/wouteroostervld/chainsaw/pkg/db/db.go:99.2,99.58 1 1
github.com/wouteroostervld/chainsaw/pkg/db/db.go:99.58,101.3 1 0
github.com/wouteroostervld/chainsaw/pkg/db/db.go:104.2,104.59 1 1
github.com/wouteroostervld/chainsaw/pkg/db/db.go:104.59,106.3 1 0
github.com/wouteroostervld/chainsaw/pkg/db/db.go:109.2,117.23 2 1
github.com/wouteroostervld/chainsaw/pkg/db/db.go:117.23,121.3 2 0
github.com/wouteroostervld/chainsaw/pkg/db/db.go:121.8,124.3 1 1
github.com/wouteroostervld/chainsaw/pkg/db/db.go:126.2,133.16 3 1
github.com/wouteroostervld/chainsaw/pkg/db/db.go:133.16,135.3 1 0
github.com/wouteroostervld/chainsaw/pkg/db/db.go:136.2,138.33 2 1
github.com/wouteroostervld/chainsaw/pkg/db/db.go:138.33,139.44 1 1
github.com/wouteroostervld/chainsaw/pkg/db/db.go:139.44,141.4 1 0
github.com/wouteroostervld/chainsaw/pkg/db/db.go:145.2,145.15 1 1
github.com/wouteroostervld/chainsaw/pkg/db/db.go:145.15,154.39 3 1
github.com/wouteroostervld/chainsaw/pkg/db/db.go:154.39,156.18 2 1
github.com/wouteroostervld/chainsaw/pkg/db/db.go:156.18,158.5 1 0
github.com/wouteroostervld/chainsaw/pkg/db/db.go:160.8,164.41 3 1
github.com/wouteroostervld/chainsaw/pkg/db/db.go:164.41,166.4 1 0
github.com/wouteroostervld/chainsaw/pkg/db/db.go:167.3,167.68 1 1
github.com/wouteroostervld/chainsaw/pkg/db/db.go:167.68,169.4 1 1
github.com/wouteroostervld/chainsaw/pkg/db/db.go:172.2,172.36 1 1
github.com/wouteroostervld/chainsaw/pkg/db/db.go:172.36,174.3 1 0
github.com/wouteroostervld/chainsaw/pkg/db/db.go:176.2,176.12 1 1
github.com/wouteroostervld/chainsaw/pkg/db/db.go:180.29,181.20 1 1
github.com/wouteroostervld/chainsaw/pkg/db/db.go:181.20,183.3 1 1
github.com/wouteroostervld/chainsaw/pkg/db/db.go:186.2,189.16 3 1
github.com/wouteroostervld/chainsaw/pkg/db/db.go:189.16,192.3 1 0
github.com/wouteroostervld/chainsaw/pkg/db/db.go:195.2,197.17 2 1
github.com/wouteroostervld/chainsaw/pkg/db/db.go:201.29,203.2 1 1
github.com/wouteroostervld/chainsaw/pkg/db/db.go:206.34,208.2 1 1
github.com/wouteroostervld/chainsaw/pkg/db/db.go:211.51,214.26 3 1
github.com/wouteroostervld/chainsaw/pkg/db/db.go:214.26,216.3 1 1
github.com/wouteroostervld/chainsaw/pkg/db/db.go:217.2,217.16 1 1
github.com/wouteroostervld/chainsaw/pkg/db/db.go:217.16,219.3 1 0
github.com/wouteroostervld/chainsaw/pkg/db/db.go:220.2,220.19 1 1
github.com/wouteroostervld/chainsaw/pkg/db/db.go:224.48,229.16 2 1
github.com/wouteroostervld/chainsaw/pkg/db/db.go:229.16,231.3 1 0
github.com/wouteroostervld/chainsaw/pkg/db/db.go:232.2,232.12 1 1
github.com/wouteroostervld/chainsaw/pkg/db/db.go:236.35,238.39 1 1
github.com/wouteroostervld/chainsaw/pkg/db/db.go:238.39,240.3 1 0
github.com/wouteroostervld/chainsaw/pkg/db/db.go:243.2,244.16 2 1
github.com/wouteroostervld/chainsaw/pkg/db/db.go:244.16,246.3 1 0
github.com/wouteroostervld/chainsaw/pkg/db/db.go:247.2,247.30 1 1
github.com/wouteroostervld/chainsaw/pkg/db/db.go:247.30,249.3 1 0
github.com/wouteroostervld/chainsaw/pkg/db/db.go:252.2,254.16 3 1
github.com/wouteroostervld/chainsaw/pkg/db/db.go:254.16,256.3 1 0
github.com/wouteroostervld/chainsaw/pkg/db/db.go:257.2,257.26 1 1
github.com/wouteroostervld/chainsaw/pkg/db/db.go:257.26,259.3 1 0
github.com/wouteroostervld/chainsaw/pkg/db/db.go:261.2,261.12 1 1
github.com/wouteroostervld/chainsaw/pkg/db/files.go:19.89,29.16 2 1
github.com/wouteroostervld/chainsaw/pkg/db/files.go:29.16,31.3 1 0
github.com/wouteroostervld/chainsaw/pkg/db/files.go:34.2,35.16 2 1
github.com/wouteroostervld/chainsaw/pkg/db/files.go:35.16,39.17 3 0
github.com/wouteroostervld/chainsaw/pkg/db/files.go:39.17,41.4 1 0
github.com/wouteroostervld/chainsaw/pkg/db/files.go:42.3,42.21 1 0
github.com/wouteroostervld/chainsaw/pkg/db/files.go:45.2,45.16 1 1
github.com/wouteroostervld/chainsaw/pkg/db/files.go:49.51,59.26 4 1
github.com/wouteroostervld/chainsaw/pkg/db/files.go:59.26,61.3 1 1
github.com/wouteroostervld/chainsaw/pkg/db/files.go:62.2,62.16 1 1
github.com/wouteroostervld/chainsaw/pkg/db/files.go:62.16,64.3 1 0
github.com/wouteroostervld/chainsaw/pkg/db/files.go:67.2,68.16 2 1
github.com/wouteroostervld/chainsaw/pkg/db/files.go:68.16,71.3 1 0
github.com/wouteroostervld/chainsaw/pkg/db/files.go:73.2,73.16 1 1
github.com/wouteroostervld/chainsaw/pkg/db/files.go:77.52,87.26 4 1
github.com/wouteroostervld/chainsaw/pkg/db/files.go:87.26,89.3 1 1
github.com/wouteroostervld/chainsaw/pkg/db/files.go:90.2,90.16 1 1
github.com/wouteroostervld/chainsaw/pkg/db/files.go:90.16,92.3 1 0
github.com/wouteroostervld/chainsaw/pkg/db/files.go:94.2,95.16 2 1
github.com/wouteroostervld/chainsaw/pkg/db/files.go:95.16,97.3 1 0
github.com/wouteroostervld/chainsaw/pkg/db/files.go:99.2,99.16 1 1
github.com/wouteroostervld/chainsaw/pkg/db/files.go:103.45,105.16 2 1
github.com/wouteroostervld/chainsaw/pkg/db/files.go:105.16,107.3 1 0
github.com/wouteroostervld/chainsaw/pkg/db/files.go:109.2,110.16 2 1
github.com/wouteroostervld/chainsaw/pkg/db/files.go:110.16,112.3 1 0
github.com/wouteroostervld/chainsaw/pkg/db/files.go:114.2,114.15 1 1
github.com/wouteroostervld/chainsaw/pkg/db/files.go:114.15,116.3 1 1
github.com/wouteroostervld/chainsaw/pkg/db/files.go:118.2,118.12 1 1
github.com/wouteroostervld/chainsaw/pkg/db/files.go:128.65,129.21 1 1
github.com/wouteroostervld/chainsaw/pkg/db/files.go:129.21,131.3 1 0
github.com/wouteroostervld/chainsaw/pkg/db/files.go:133.2,140.16 2 1
github.com/wouteroostervld/chainsaw/pkg/db/files.go:140.16,142.3 1 0
github.com/wouteroostervld/chainsaw/pkg/db/files.go:143.2,146.18 3 1
github.com/wouteroostervld/chainsaw/pkg/db/files.go:146.18,151.17 4 1
github.com/wouteroostervld/chainsaw/pkg/db/files.go:151.17,153.4 1 0
github.com/wouteroostervld/chainsaw/pkg/db/files.go:155.3,156.28 2 1
github.com/wouteroostervld/chainsaw/pkg/db/files.go:159.2,159.34 1 1
github.com/wouteroostervld/chainsaw/pkg/db/files.go:159.34,161.3 1 0
github.com/wouteroostervld/chainsaw/pkg/db/files.go:163.2,163.19 1 1
github.com/wouteroostervld/chainsaw/pkg/db/files.go:167.43,170.16 3 1
github.com/wouteroostervld/chainsaw/pkg/db/files.go:170.16,172.3 1 0
github.com/wouteroostervld/chainsaw/pkg/db/files.go:173.2,173.19 1 1
github.com/wouteroostervld/chainsaw/pkg/db/files.go:177.92,179.16 2 1
github.com/wouteroostervld/chainsaw/pkg/db/files.go:179.16,181.3 1 0
github.com/wouteroostervld/chainsaw/pkg/db/files.go:183.2,183.17 1 1
github.com/wouteroostervld/chainsaw/pkg/db/files.go:183.17,185.3 1 1
github.com/wouteroostervld/chainsaw/pkg/db/files.go:188.2,188.76 1 1
github.com/wouteroostervld/chainsaw/pkg/db/graph.go:18.112,28.16 2 1
github.com/wouteroostervld/chainsaw/pkg/db/graph.go:28.16,30.3 1 0
github.com/wouteroostervld/chainsaw/pkg/db/graph.go:32.2,32.12 1 1
github.com/wouteroostervld/chainsaw/pkg/db/graph.go:36.74,45.26 3 1
github.com/wouteroostervld/chainsaw/pkg/db/graph.go:45.26,47.3 1 1
github.com/wouteroostervld/chainsaw/pkg/db/graph.go:48.2,48.16 1 1
github.com/wouteroostervld/chainsaw/pkg/db/graph.go:48.16,50.3 1 0
github.com/wouteroostervld/chainsaw/pkg/db/graph.go:52.2,52.16 1 1
github.com/wouteroostervld/chainsaw/pkg/db/graph.go:56.70,64.16 2 1
github.com/wouteroostervld/chainsaw/pkg/db/graph.go:64.16,66.3 1 0
github.com/wouteroostervld/chainsaw/pkg/db/graph.go:67.2,69.24 2 1
github.com/wouteroostervld/chainsaw/pkg/db/graph.go:73.70,81.16 2 1
github.com/wouteroostervld/chainsaw/pkg/db/graph.go:81.16,83.3 1 0
github.com/wouteroostervld/chainsaw/pkg/db/graph.go:84.2,86.24 2 1
github.com/wouteroostervld/chainsaw/pkg/db/graph.go:107.75,108.24 1 1
github.com/wouteroostervld/chainsaw/pkg/db/graph.go:108.24,110.3 1 0
github.com/wouteroostervld/chainsaw/pkg/db/graph.go:111.2,111.21 1 1
github.com/wouteroostervld/chainsaw/pkg/db/graph.go:111.21,113.3 1 0
github.com/wouteroostervld/chainsaw/pkg/db/graph.go:116.2,146.16 3 1
github.com/wouteroostervld/chainsaw/pkg/db/graph.go:146.16,148.3 1 0
github.com/wouteroostervld/chainsaw/pkg/db/graph.go:149.2,152.18 3 1
github.com/wouteroostervld/chainsaw/pkg/db/graph.go:152.18,155.17 3 1
github.com/wouteroostervld/chainsaw/pkg/db/graph.go:155.17,157.4 1 0
github.com/wouteroostervld/chainsaw/pkg/db/graph.go:158.3,158.36 1 1
github.com/wouteroostervld/chainsaw/pkg/db/graph.go:161.2,161.34 1 1
github.com/wouteroostervld/chainsaw/pkg/db/graph.go:161.34,163.3 1 0
github.com/wouteroostervld/chainsaw/pkg/db/graph.go:165.2,165.23 1 1
github.com/wouteroostervld/chainsaw/pkg/db/graph.go:169.68,175.16 2 1
github.com/wouteroostervld/chainsaw/pkg/db/graph.go:175.16,177.3 1 0
github.com/wouteroostervld/chainsaw/pkg/db/graph.go:179.2,180.16 2 1
github.com/wouteroostervld/chainsaw/pkg/db/graph.go:180.16,182.3 1 0
github.com/wouteroostervld/chainsaw/pkg/db/graph.go:184.2,184.15 1 1
github.com/wouteroostervld/chainsaw/pkg/db/graph.go:184.15,186.3 1 1
github.com/wouteroostervld/chainsaw/pkg/db/graph.go:188.2,188.12 1 1
github.com/wouteroostervld/chainsaw/pkg/db/graph.go:192.56,198.16 2 1
github.com/wouteroostervld/chainsaw/pkg/db/graph.go:198.16,200.3 1 0
github.com/wouteroostervld/chainsaw/pkg/db/graph.go:202.2,202.12 1 1
github.com/wouteroostervld/chainsaw/pkg/db/graph.go:207.63,213.16 2 1
github.com/wouteroostervld/chainsaw/pkg/db/graph.go:213.16,215.3 1 0
github.com/wouteroostervld/chainsaw/pkg/db/graph.go:217.2,218.16 2 1
github.com/wouteroostervld/chainsaw/pkg/db/graph.go:218.16,220.3 1 0
github.com/wouteroostervld/chainsaw/pkg/db/graph.go:222.2,222.18 1 1
github.com/wouteroostervld/chainsaw/pkg/db/graph.go:226.43,229.16 3 1
github.com/wouteroostervld/chainsaw/pkg/db/graph.go:229.16,231.3 1 0
github.com/wouteroostervld/chainsaw/pkg/db/graph.go:232.2,232.19 1 1
github.com/wouteroostervld/chainsaw/pkg/db/graph.go:236.62,239.16 3 1
github.com/wouteroostervld/chainsaw/pkg/db/graph.go:239.16,241.3 1 0
github.com/wouteroostervld/chainsaw/pkg/db/graph.go:242.2,242.19 1 1
github.com/wouteroostervld/chainsaw/pkg/db/graph.go:246.49,248.18 2 1
github.com/wouteroostervld/chainsaw/pkg/db/graph.go:248.18,251.17 3 1
github.com/wouteroostervld/chainsaw/pkg/db/graph.go:251.17,253.4 1 0
github.com/wouteroostervld/chainsaw/pkg/db/graph.go:254.3,254.28 1 1
github.com/wouteroostervld/chainsaw/pkg/db/graph.go:257.2,257.35 1 1
github.com/wouteroostervld/chainsaw/pkg/db/graph.go:257.35,259.3 1 0
github.com/wouteroostervld/chainsaw/pkg/db/graph.go:261.2,261.19 1 1
